{
  "RSpec": {
    "coverage": {
      "/Users/joanneyoung/folder/thermostat/spec/features/viewing_temperature_spec.rb": {
        "lines": [
          1,
          null,
          1,
          1,
          1,
          1,
          1,
          1,
          1,
          1,
          1,
          null,
          null,
          1,
          1,
          1,
          1,
          3,
          null,
          1,
          null,
          null,
          1,
          1,
          1,
          1,
          3,
          null,
          1,
          null,
          null,
          null,
          null,
          null,
          null,
          null,
          null,
          null,
          null,
          null,
          null,
          null,
          null
        ]
      }
    },
    "timestamp": 1589552109
  }
}
